[2018-06-21 14:24:28,403] DEBUG preRegister called. Server=com.sun.jmx.mbeanserver.JmxMBeanServer@66d3c617, name=log4j:logger=state.change.logger (state.change.logger)
[2018-06-21 14:25:06,569] TRACE Controller 0 epoch 1 received response {error_code=0} for a request sent to broker 140.112.41.94:9092 (id: 0 rack: null) (state.change.logger)
[2018-06-21 14:25:31,663] TRACE Controller 0 epoch 1 changed partition [todolist,0] state from NonExistentPartition to NewPartition with assigned replicas 0 (state.change.logger)
[2018-06-21 14:25:31,668] TRACE Controller 0 epoch 1 changed state of replica 0 for partition [todolist,0] from NonExistentReplica to NewReplica (state.change.logger)
[2018-06-21 14:25:31,736] TRACE Controller 0 epoch 1 changed partition [todolist,0] from NewPartition to OnlinePartition with leader 0 (state.change.logger)
[2018-06-21 14:25:31,740] TRACE Controller 0 epoch 1 sending become-leader LeaderAndIsr request (Leader:0,ISR:0,LeaderEpoch:0,ControllerEpoch:1) to broker 0 for partition [todolist,0] (state.change.logger)
[2018-06-21 14:25:31,744] TRACE Controller 0 epoch 1 sending UpdateMetadata request (Leader:0,ISR:0,LeaderEpoch:0,ControllerEpoch:1) to brokers Set(0) for partition todolist-0 (state.change.logger)
[2018-06-21 14:25:31,746] TRACE Controller 0 epoch 1 changed state of replica 0 for partition [todolist,0] from NewReplica to OnlineReplica (state.change.logger)
[2018-06-21 14:25:31,748] TRACE Broker 0 received LeaderAndIsr request PartitionState(controllerEpoch=1, leader=0, leaderEpoch=0, isr=0, zkVersion=0, replicas=0) correlation id 1 from controller 0 epoch 1 for partition [todolist,0] (state.change.logger)
[2018-06-21 14:25:31,789] TRACE Broker 0 handling LeaderAndIsr request correlationId 1 from controller 0 epoch 1 starting the become-leader transition for partition todolist-0 (state.change.logger)
[2018-06-21 14:25:31,936] TRACE Broker 0 stopped fetchers as part of become-leader request from controller 0 epoch 1 with correlation id 1 for partition todolist-0 (state.change.logger)
[2018-06-21 14:25:31,937] TRACE Broker 0 completed LeaderAndIsr request correlationId 1 from controller 0 epoch 1 for the become-leader transition for partition todolist-0 (state.change.logger)
[2018-06-21 14:25:31,941] TRACE Controller 0 epoch 1 received response {error_code=0,partitions=[{topic=todolist,partition=0,error_code=0}]} for a request sent to broker 140.112.41.94:9092 (id: 0 rack: null) (state.change.logger)
[2018-06-21 14:25:31,952] TRACE Broker 0 cached leader info (LeaderAndIsrInfo:(Leader:0,ISR:0,LeaderEpoch:0,ControllerEpoch:1),ReplicationFactor:1),AllReplicas:0) for partition todolist-0 in response to UpdateMetadata request sent by controller 0 epoch 1 with correlation id 2 (state.change.logger)
[2018-06-21 14:25:31,953] TRACE Controller 0 epoch 1 received response {error_code=0} for a request sent to broker 140.112.41.94:9092 (id: 0 rack: null) (state.change.logger)
[2018-06-21 14:28:49,089] TRACE Controller 0 epoch 1 changed partition [pi,0] state from NonExistentPartition to NewPartition with assigned replicas 0 (state.change.logger)
[2018-06-21 14:28:49,091] TRACE Controller 0 epoch 1 changed state of replica 0 for partition [pi,0] from NonExistentReplica to NewReplica (state.change.logger)
[2018-06-21 14:28:49,167] TRACE Controller 0 epoch 1 changed partition [pi,0] from NewPartition to OnlinePartition with leader 0 (state.change.logger)
[2018-06-21 14:28:49,167] TRACE Controller 0 epoch 1 sending become-leader LeaderAndIsr request (Leader:0,ISR:0,LeaderEpoch:0,ControllerEpoch:1) to broker 0 for partition [pi,0] (state.change.logger)
[2018-06-21 14:28:49,167] TRACE Controller 0 epoch 1 sending UpdateMetadata request (Leader:0,ISR:0,LeaderEpoch:0,ControllerEpoch:1) to brokers Set(0) for partition pi-0 (state.change.logger)
[2018-06-21 14:28:49,168] TRACE Broker 0 received LeaderAndIsr request PartitionState(controllerEpoch=1, leader=0, leaderEpoch=0, isr=0, zkVersion=0, replicas=0) correlation id 3 from controller 0 epoch 1 for partition [pi,0] (state.change.logger)
[2018-06-21 14:28:49,168] TRACE Controller 0 epoch 1 changed state of replica 0 for partition [pi,0] from NewReplica to OnlineReplica (state.change.logger)
[2018-06-21 14:28:49,170] TRACE Broker 0 handling LeaderAndIsr request correlationId 3 from controller 0 epoch 1 starting the become-leader transition for partition pi-0 (state.change.logger)
[2018-06-21 14:28:49,182] TRACE Broker 0 stopped fetchers as part of become-leader request from controller 0 epoch 1 with correlation id 3 for partition pi-0 (state.change.logger)
[2018-06-21 14:28:49,182] TRACE Broker 0 completed LeaderAndIsr request correlationId 3 from controller 0 epoch 1 for the become-leader transition for partition pi-0 (state.change.logger)
[2018-06-21 14:28:49,183] TRACE Controller 0 epoch 1 received response {error_code=0,partitions=[{topic=pi,partition=0,error_code=0}]} for a request sent to broker 140.112.41.94:9092 (id: 0 rack: null) (state.change.logger)
[2018-06-21 14:28:49,183] TRACE Broker 0 cached leader info (LeaderAndIsrInfo:(Leader:0,ISR:0,LeaderEpoch:0,ControllerEpoch:1),ReplicationFactor:1),AllReplicas:0) for partition pi-0 in response to UpdateMetadata request sent by controller 0 epoch 1 with correlation id 4 (state.change.logger)
[2018-06-21 14:28:49,184] TRACE Controller 0 epoch 1 received response {error_code=0} for a request sent to broker 140.112.41.94:9092 (id: 0 rack: null) (state.change.logger)
[2018-06-21 14:28:50,090] TRACE Controller 0 epoch 1 changed partition [home,0] state from NonExistentPartition to NewPartition with assigned replicas 0 (state.change.logger)
[2018-06-21 14:28:50,091] TRACE Controller 0 epoch 1 changed state of replica 0 for partition [home,0] from NonExistentReplica to NewReplica (state.change.logger)
[2018-06-21 14:28:50,133] TRACE Controller 0 epoch 1 changed partition [home,0] from NewPartition to OnlinePartition with leader 0 (state.change.logger)
[2018-06-21 14:28:50,133] TRACE Controller 0 epoch 1 sending become-leader LeaderAndIsr request (Leader:0,ISR:0,LeaderEpoch:0,ControllerEpoch:1) to broker 0 for partition [home,0] (state.change.logger)
[2018-06-21 14:28:50,134] TRACE Controller 0 epoch 1 sending UpdateMetadata request (Leader:0,ISR:0,LeaderEpoch:0,ControllerEpoch:1) to brokers Set(0) for partition home-0 (state.change.logger)
[2018-06-21 14:28:50,134] TRACE Broker 0 received LeaderAndIsr request PartitionState(controllerEpoch=1, leader=0, leaderEpoch=0, isr=0, zkVersion=0, replicas=0) correlation id 5 from controller 0 epoch 1 for partition [home,0] (state.change.logger)
[2018-06-21 14:28:50,135] TRACE Controller 0 epoch 1 changed state of replica 0 for partition [home,0] from NewReplica to OnlineReplica (state.change.logger)
[2018-06-21 14:28:50,135] TRACE Broker 0 handling LeaderAndIsr request correlationId 5 from controller 0 epoch 1 starting the become-leader transition for partition home-0 (state.change.logger)
[2018-06-21 14:28:50,141] TRACE Broker 0 stopped fetchers as part of become-leader request from controller 0 epoch 1 with correlation id 5 for partition home-0 (state.change.logger)
[2018-06-21 14:28:50,141] TRACE Broker 0 completed LeaderAndIsr request correlationId 5 from controller 0 epoch 1 for the become-leader transition for partition home-0 (state.change.logger)
[2018-06-21 14:28:50,141] TRACE Controller 0 epoch 1 received response {error_code=0,partitions=[{topic=home,partition=0,error_code=0}]} for a request sent to broker 140.112.41.94:9092 (id: 0 rack: null) (state.change.logger)
[2018-06-21 14:28:50,142] TRACE Broker 0 cached leader info (LeaderAndIsrInfo:(Leader:0,ISR:0,LeaderEpoch:0,ControllerEpoch:1),ReplicationFactor:1),AllReplicas:0) for partition home-0 in response to UpdateMetadata request sent by controller 0 epoch 1 with correlation id 6 (state.change.logger)
[2018-06-21 14:28:50,142] TRACE Controller 0 epoch 1 received response {error_code=0} for a request sent to broker 140.112.41.94:9092 (id: 0 rack: null) (state.change.logger)
